#
# A fatal error has been detected by the Java Runtime Environment:
#
#  SIGSEGV (0xb) at pc=0x00007ff5a2e4fe9f, pid=6571, tid=140692988057344
#
# JRE version: 7.0_17-b02
# Java VM: Java HotSpot(TM) 64-Bit Server VM (23.7-b01 mixed mode linux-amd64 compressed oops)
# Problematic frame:
# V  [libjvm.so+0x57be9f]  jni_GetStringUTFChars+0x9f
#
# Failed to write core dump. Core dumps have been disabled. To enable core dumping, try "ulimit -c unlimited" before starting Java again
#
# If you would like to submit a bug report, please visit:
#   http://bugreport.sun.com/bugreport/crash.jsp
#

---------------  T H R E A D  ---------------

Current thread (0x00007ff59c009000):  JavaThread "main" [_thread_in_vm, id=6577, stack(0x00007ff5a3835000,0x00007ff5a3936000)]

siginfo:si_signo=SIGSEGV: si_errno=0, si_code=1 (SEGV_MAPERR), si_addr=0x0000000000000000

Registers:
RAX=0x0000000000000000, RBX=0x00007ff59c009000, RCX=0x00007ff59c0064b0, RDX=0x00007ff5a35ce0e0
RSP=0x00007ff5a3934670, RBP=0x00007ff5a39346e0, RSI=0x0000000000000000, RDI=0x00007ff59c0091d8
R8 =0x00007ff5a35c9620, R9 =0x00000000d8501190, R10=0x0000000000000004, R11=0x00007ff5a35ce0e8
R12=0x0000000000000000, R13=0x0000000000000000, R14=0x00007ff5a39347b8, R15=0x00007ff59c009000
RIP=0x00007ff5a2e4fe9f, EFLAGS=0x0000000000010246, CSGSFS=0x0000000000000033, ERR=0x0000000000000004
  TRAPNO=0x000000000000000e

Top of Stack: (sp=0x00007ff5a3934670)
0x00007ff5a3934670:   00007ff59c009878 0000000000000000
0x00007ff5a3934680:   00007ff59c009000 0000000000000000
0x00007ff5a3934690:   00007ff5a39347b0 00007ff59901cc43
0x00007ff5a39346a0:   00007ff59c009000 00007ff59c009878
0x00007ff5a39346b0:   00007ff59c009000 0000000081d6c730
0x00007ff5a39346c0:   00007ff59cb6c5e8 0000000000000000
0x00007ff5a39346d0:   00007ff5a39347b8 00007ff59c009000
0x00007ff5a39346e0:   00007ff59c0091d8 00007ff57b3d82b0
0x00007ff5a39346f0:   0000000081d6c730 0000000000000000
0x00007ff5a3934700:   0000000081d6c730 00007ff5a3934790
0x00007ff5a3934710:   0000000000000000 0000000081d6c728
0x00007ff5a3934720:   00007ff5a39347b8 00007ff599012963
0x00007ff5a3934730:   00007ff59c009878 00007ff5a3934828
0x00007ff5a3934740:   0000000000000000 00000000d8501190
0x00007ff5a3934750:   00007ff5a3934740 0000000081d6c728
0x00007ff5a3934760:   00007ff5a39347b8 0000000081d76b40
0x00007ff5a3934770:   0000000000000000 0000000081d6c730
0x00007ff5a3934780:   0000000000000000 00007ff5a39347b0
0x00007ff5a3934790:   00007ff5a3934818 00007ff599006275
0x00007ff5a39347a0:   0000000000000000 00007ff59900edd7
0x00007ff5a39347b0:   0000000000000000 00000000d8501190
0x00007ff5a39347c0:   00000000d85218f8 0000000000000001
0x00007ff5a39347d0:   00000000d8501190 00007ff5a39347c8
0x00007ff5a39347e0:   0000000081d711ed 00007ff5a3934830
0x00007ff5a39347f0:   0000000081d763a0 0000000000000000
0x00007ff5a3934800:   0000000081d71238 00007ff5a39347b0
0x00007ff5a3934810:   00007ff5a3934828 00007ff5a3934878
0x00007ff5a3934820:   00007ff599006158 00000000d85218f8
0x00007ff5a3934830:   00000000d8501190 00007ff5a3934838
0x00007ff5a3934840:   0000000081ddd20e 00007ff5a3934890
0x00007ff5a3934850:   0000000081df21f8 0000000000000000
0x00007ff5a3934860:   0000000081ddd258 00007ff5a3934828 

Instructions: (pc=0x00007ff5a2e4fe9f)
0x00007ff5a2e4fe7f:   48 89 5d c0 48 89 5d a0 48 c7 45 a8 00 00 00 00
0x00007ff5a2e4fe8f:   48 83 7b 08 00 74 09 48 8d 7d a0 e8 e1 1a 21 00
0x00007ff5a2e4fe9f:   4d 8b 3c 24 4c 89 ff e8 65 8f fd ff 41 89 c5 48
0x00007ff5a2e4feaf:   98 4c 8d 60 01 4c 89 e7 e8 14 29 1c 00 48 85 c0 

Register to memory mapping:

RAX=0x0000000000000000 is an unknown value
RBX=0x00007ff59c009000 is a thread
RCX=0x00007ff59c0064b0 is an unknown value
RDX=0x00007ff5a35ce0e0: <offset 0xcfa0e0> in /usr/local/jdk1.7.0_17/jre/lib/amd64/server/libjvm.so at 0x00007ff5a28d4000
RSP=0x00007ff5a3934670 is pointing into the stack for thread: 0x00007ff59c009000
RBP=0x00007ff5a39346e0 is pointing into the stack for thread: 0x00007ff59c009000
RSI=0x0000000000000000 is an unknown value
RDI=0x00007ff59c0091d8 is an unknown value
R8 =0x00007ff5a35c9620: <offset 0xcf5620> in /usr/local/jdk1.7.0_17/jre/lib/amd64/server/libjvm.so at 0x00007ff5a28d4000
R9 =0x00000000d8501190 is an oop
org.sqlite.NativeDB 
 - klass: 'org/sqlite/NativeDB'
R10=0x0000000000000004 is an unknown value
R11=0x00007ff5a35ce0e8: <offset 0xcfa0e8> in /usr/local/jdk1.7.0_17/jre/lib/amd64/server/libjvm.so at 0x00007ff5a28d4000
R12=0x0000000000000000 is an unknown value
R13=0x0000000000000000 is an unknown value
R14=0x00007ff5a39347b8 is pointing into the stack for thread: 0x00007ff59c009000
R15=0x00007ff59c009000 is a thread


Stack: [0x00007ff5a3835000,0x00007ff5a3936000],  sp=0x00007ff5a3934670,  free space=1021k
Native frames: (J=compiled Java code, j=interpreted, Vv=VM code, C=native code)
V  [libjvm.so+0x57be9f]  jni_GetStringUTFChars+0x9f

Java frames: (J=compiled Java code, j=interpreted, Vv=VM code)
j  org.sqlite.NativeDB.prepare(Ljava/lang/String;)J+0
j  org.sqlite.DB.prepare(Lorg/sqlite/Stmt;)V+21
j  org.sqlite.Stmt.executeQuery(Ljava/lang/String;)Ljava/sql/ResultSet;+14
j  packages.selectdb.read(Ljava/lang/String;)Ljava/sql/ResultSet;+30
j  packages.NewData.getName()Ljava/lang/String;+4
j  packages.Lekerdez1.main([Ljava/lang/String;)V+20
v  ~StubRoutines::call_stub

---------------  P R O C E S S  ---------------

Java Threads: ( => current thread )
  0x00007ff59c0f2800 JavaThread "Service Thread" daemon [_thread_blocked, id=6594, stack(0x00007ff57bafb000,0x00007ff57bbfc000)]
  0x00007ff59c0f0800 JavaThread "C2 CompilerThread1" daemon [_thread_in_native, id=6593, stack(0x00007ff57bbfc000,0x00007ff57bcfd000)]
  0x00007ff59c0ed800 JavaThread "C2 CompilerThread0" daemon [_thread_blocked, id=6592, stack(0x00007ff57bcfd000,0x00007ff57bdfe000)]
  0x00007ff59c0eb800 JavaThread "Signal Dispatcher" daemon [_thread_blocked, id=6591, stack(0x00007ff57bdfe000,0x00007ff57beff000)]
  0x00007ff59c09e800 JavaThread "Finalizer" daemon [_thread_blocked, id=6590, stack(0x00007ff57beff000,0x00007ff57c000000)]
  0x00007ff59c09c000 JavaThread "Reference Handler" daemon [_thread_blocked, id=6589, stack(0x00007ff59804c000,0x00007ff59814d000)]
=>0x00007ff59c009000 JavaThread "main" [_thread_in_vm, id=6577, stack(0x00007ff5a3835000,0x00007ff5a3936000)]

Other Threads:
  0x00007ff59c094800 VMThread [stack: 0x00007ff59814d000,0x00007ff59824e000] [id=6588]
  0x00007ff59c105800 WatcherThread [stack: 0x00007ff57b9fa000,0x00007ff57bafb000] [id=6595]

VM state:not at safepoint (normal execution)

VM Mutex/Monitor currently owned by a thread: None

Heap
 PSYoungGen      total 36224K, used 16331K [0x00000000d7960000, 0x00000000dc020000, 0x0000000100000000)
  eden space 31104K, 39% used [0x00000000d7960000,0x00000000d8571768,0x00000000d97c0000)
  from space 5120K, 77% used [0x00000000d97c0000,0x00000000d9ba1598,0x00000000d9cc0000)
  to   space 5120K, 0% used [0x00000000dbb20000,0x00000000dbb20000,0x00000000dc020000)
 ParOldGen       total 82752K, used 8K [0x0000000086c00000, 0x000000008bcd0000, 0x00000000d7960000)
  object space 82752K, 0% used [0x0000000086c00000,0x0000000086c02000,0x000000008bcd0000)
 PSPermGen       total 21248K, used 4091K [0x0000000081a00000, 0x0000000082ec0000, 0x0000000086c00000)
  object space 21248K, 19% used [0x0000000081a00000,0x0000000081dfed68,0x0000000082ec0000)

Card table byte_map: [0x00007ff5a1ba0000,0x00007ff5a1f94000] byte_map_base: 0x00007ff5a1793000

Polling page: 0x00007ff5a3833000

Code Cache  [0x00007ff599000000, 0x00007ff599270000, 0x00007ff59c000000)
 total_blobs=298 nmethods=97 adapters=153 free_code_cache=48552Kb largest_free_block=49699328

Compilation events (10 events):
Event: 1.041 Thread 0x00007ff59c0f0800   92             java.security.DigestInputStream::read (31 bytes)
Event: 1.048 Thread 0x00007ff59c0f0800 nmethod 92 0x00007ff599091a50 code [0x00007ff599091c00, 0x00007ff599092190]
Event: 1.059 Thread 0x00007ff59c0f0800   93             sun.security.provider.MD5::implCompress (1508 bytes)
Event: 1.068 Thread 0x00007ff59c0ed800 nmethod 91 0x00007ff5990971d0 code [0x00007ff599097460, 0x00007ff5990982e8]
Event: 1.068 Thread 0x00007ff59c0ed800   94             sun.security.provider.ByteArrayAccess::b2iLittle64 (586 bytes)
Event: 1.070 Thread 0x00007ff59c0ed800 nmethod 94 0x00007ff599091690 code [0x00007ff5990917c0, 0x00007ff599091978]
Event: 1.070 Thread 0x00007ff59c0ed800    3 % !         org.sqlite.SQLiteJDBCLoader::md5sum @ 25 (104 bytes)
Event: 1.073 Thread 0x00007ff59c0f0800 nmethod 93 0x00007ff599093f90 code [0x00007ff5990940e0, 0x00007ff599094d28]
Event: 1.075 Thread 0x00007ff59c0ed800 nmethod 3% 0x00007ff599099c50 code [0x00007ff599099e20, 0x00007ff59909a1e0]
Event: 1.089 Thread 0x00007ff59c0f0800   95             sun.net.www.ParseUtil::encodePath (336 bytes)

GC Heap History (2 events):
Event: 0.638 GC heap before
{Heap before GC invocations=1 (full 0):
 PSYoungGen      total 36224K, used 31104K [0x00000000d7960000, 0x00000000da1c0000, 0x0000000100000000)
  eden space 31104K, 100% used [0x00000000d7960000,0x00000000d97c0000,0x00000000d97c0000)
  from space 5120K, 0% used [0x00000000d9cc0000,0x00000000d9cc0000,0x00000000da1c0000)
  to   space 5120K, 0% used [0x00000000d97c0000,0x00000000d97c0000,0x00000000d9cc0000)
 ParOldGen       total 82752K, used 0K [0x0000000086c00000, 0x000000008bcd0000, 0x00000000d7960000)
  object space 82752K, 0% used [0x0000000086c00000,0x0000000086c00000,0x000000008bcd0000)
 PSPermGen       total 21248K, used 2949K [0x0000000081a00000, 0x0000000082ec0000, 0x0000000086c00000)
  object space 21248K, 13% used [0x0000000081a00000,0x0000000081ce17b0,0x0000000082ec0000)
Event: 0.694 GC heap after
Heap after GC invocations=1 (full 0):
 PSYoungGen      total 36224K, used 3973K [0x00000000d7960000, 0x00000000dc020000, 0x0000000100000000)
  eden space 31104K, 0% used [0x00000000d7960000,0x00000000d7960000,0x00000000d97c0000)
  from space 5120K, 77% used [0x00000000d97c0000,0x00000000d9ba1598,0x00000000d9cc0000)
  to   space 5120K, 0% used [0x00000000dbb20000,0x00000000dbb20000,0x00000000dc020000)
 ParOldGen       total 82752K, used 8K [0x0000000086c00000, 0x000000008bcd0000, 0x00000000d7960000)
  object space 82752K, 0% used [0x0000000086c00000,0x0000000086c02000,0x000000008bcd0000)
 PSPermGen       total 21248K, used 2949K [0x0000000081a00000, 0x0000000082ec0000, 0x0000000086c00000)
  object space 21248K, 13% used [0x0000000081a00000,0x0000000081ce17b0,0x0000000082ec0000)
}

Deoptimization events (7 events):
Event: 0.305 Thread 0x00007ff59c009000 Uncommon trap -12 fr.pc 0x00007ff599077b0c
Event: 0.761 Thread 0x00007ff59c009000 Uncommon trap -34 fr.pc 0x00007ff599071efc
Event: 0.761 Thread 0x00007ff59c009000 Uncommon trap -83 fr.pc 0x00007ff599072388
Event: 0.761 Thread 0x00007ff59c009000 Uncommon trap -83 fr.pc 0x00007ff59907a4a0
Event: 0.908 Thread 0x00007ff59c009000 Uncommon trap -83 fr.pc 0x00007ff599066cd0
Event: 1.037 Thread 0x00007ff59c009000 Uncommon trap 18 fr.pc 0x00007ff5990929cc
Event: 1.038 Thread 0x00007ff59c009000 Uncommon trap -83 fr.pc 0x00007ff59908f354

Internal exceptions (10 events):
Event: 0.927 Thread 0x00007ff59c009000 Threw 0x00000000d84b0378 at /HUDSON/workspace/jdk7u17-2-build-linux-amd64-product/jdk7u17/hotspot/src/share/vm/prims/jvm.cpp:1166
Event: 0.928 Thread 0x00007ff59c009000 Threw 0x00000000d84b4f20 at /HUDSON/workspace/jdk7u17-2-build-linux-amd64-product/jdk7u17/hotspot/src/share/vm/prims/jvm.cpp:1166
Event: 0.929 Thread 0x00007ff59c009000 Threw 0x00000000d84ba878 at /HUDSON/workspace/jdk7u17-2-build-linux-amd64-product/jdk7u17/hotspot/src/share/vm/prims/jvm.cpp:1166
Event: 0.930 Thread 0x00007ff59c009000 Threw 0x00000000d84bde80 at /HUDSON/workspace/jdk7u17-2-build-linux-amd64-product/jdk7u17/hotspot/src/share/vm/prims/jvm.cpp:1166
Event: 0.931 Thread 0x00007ff59c009000 Threw 0x00000000d84c51e8 at /HUDSON/workspace/jdk7u17-2-build-linux-amd64-product/jdk7u17/hotspot/src/share/vm/prims/jvm.cpp:1166
Event: 1.038 Thread 0x00007ff59c009000 Implicit null exception at 0x00007ff59908ecd2 to 0x00007ff59908f331
Event: 1.089 Thread 0x00007ff59c009000 Threw 0x00000000d84fe6f0 at /HUDSON/workspace/jdk7u17-2-build-linux-amd64-product/jdk7u17/hotspot/src/share/vm/prims/jvm.cpp:1166
Event: 1.090 Thread 0x00007ff59c009000 Threw 0x00000000d8501f48 at /HUDSON/workspace/jdk7u17-2-build-linux-amd64-product/jdk7u17/hotspot/src/share/vm/prims/jvm.cpp:1166
Event: 1.090 Thread 0x00007ff59c009000 Threw 0x00000000d850a9b8 at /HUDSON/workspace/jdk7u17-2-build-linux-amd64-product/jdk7u17/hotspot/src/share/vm/prims/jvm.cpp:1166
Event: 1.092 Thread 0x00007ff59c009000 Threw 0x00000000d8515c68 at /HUDSON/workspace/jdk7u17-2-build-linux-amd64-product/jdk7u17/hotspot/src/share/vm/prims/jvm.cpp:1166

Events (10 events):
Event: 1.092 loading class 0x00007ff59cbc2ac0
Event: 1.092 loading class 0x00007ff59cbc2ac0 done
Event: 1.092 loading class 0x00007ff59cbc02e0
Event: 1.092 loading class 0x00007ff59cbc02e0 done
Event: 1.093 loading class 0x00007ff59cbc01e0
Event: 1.093 loading class 0x00007ff59cbc01e0 done
Event: 1.093 loading class 0x00007ff59c0740a0
Event: 1.093 loading class 0x00007ff59c0740a0 done
Event: 1.094 loading class 0x00007ff59c0a3e70
Event: 1.094 loading class 0x00007ff59c0a3e70 done


Dynamic libraries:
00400000-00401000 r-xp 00000000 fd:01 4058053                            /usr/local/jdk1.7.0_17/bin/java
00600000-00601000 rw-p 00000000 fd:01 4058053                            /usr/local/jdk1.7.0_17/bin/java
00ce2000-00d03000 rw-p 00000000 00:00 0                                  [heap]
81a00000-82ec0000 rw-p 00000000 00:00 0 
82ec0000-86c00000 rw-p 00000000 00:00 0 
86c00000-8bcd0000 rw-p 00000000 00:00 0 
8bcd0000-d7960000 rw-p 00000000 00:00 0 
d7960000-dc020000 rw-p 00000000 00:00 0 
dc020000-100000000 rw-p 00000000 00:00 0 
3341600000-3341621000 r-xp 00000000 fd:01 392862                         /lib64/ld-2.17.90.so
3341820000-3341821000 r--p 00020000 fd:01 392862                         /lib64/ld-2.17.90.so
3341821000-3341822000 rw-p 00021000 fd:01 392862                         /lib64/ld-2.17.90.so
3341822000-3341823000 rw-p 00000000 00:00 0 
3341a00000-3341a02000 r-xp 00000000 fd:01 399019                         /lib64/libdl-2.17.90.so
3341a02000-3341c02000 ---p 00002000 fd:01 399019                         /lib64/libdl-2.17.90.so
3341c02000-3341c03000 r--p 00002000 fd:01 399019                         /lib64/libdl-2.17.90.so
3341c03000-3341c04000 rw-p 00003000 fd:01 399019                         /lib64/libdl-2.17.90.so
3341e00000-3341fa4000 r-xp 00000000 fd:01 394628                         /lib64/libc-2.17.90.so
3341fa4000-33421a3000 ---p 001a4000 fd:01 394628                         /lib64/libc-2.17.90.so
33421a3000-33421a7000 r--p 001a3000 fd:01 394628                         /lib64/libc-2.17.90.so
33421a7000-33421a9000 rw-p 001a7000 fd:01 394628                         /lib64/libc-2.17.90.so
33421a9000-33421ad000 rw-p 00000000 00:00 0 
3342200000-3342219000 r-xp 00000000 fd:01 399028                         /lib64/libpthread-2.17.90.so
3342219000-3342418000 ---p 00019000 fd:01 399028                         /lib64/libpthread-2.17.90.so
3342418000-3342419000 r--p 00018000 fd:01 399028                         /lib64/libpthread-2.17.90.so
3342419000-334241a000 rw-p 00019000 fd:01 399028                         /lib64/libpthread-2.17.90.so
334241a000-334241e000 rw-p 00000000 00:00 0 
3342600000-3342701000 r-xp 00000000 fd:01 399032                         /lib64/libm-2.17.90.so
3342701000-3342900000 ---p 00101000 fd:01 399032                         /lib64/libm-2.17.90.so
3342900000-3342901000 r--p 00100000 fd:01 399032                         /lib64/libm-2.17.90.so
3342901000-3342902000 rw-p 00101000 fd:01 399032                         /lib64/libm-2.17.90.so
3342a00000-3342a07000 r-xp 00000000 fd:01 399029                         /lib64/librt-2.17.90.so
3342a07000-3342c06000 ---p 00007000 fd:01 399029                         /lib64/librt-2.17.90.so
3342c06000-3342c07000 r--p 00006000 fd:01 399029                         /lib64/librt-2.17.90.so
3342c07000-3342c08000 rw-p 00007000 fd:01 399029                         /lib64/librt-2.17.90.so
7ff558000000-7ff558021000 rw-p 00000000 00:00 0 
7ff558021000-7ff55c000000 ---p 00000000 00:00 0 
7ff55c000000-7ff55c021000 rw-p 00000000 00:00 0 
7ff55c021000-7ff560000000 ---p 00000000 00:00 0 
7ff560000000-7ff56047e000 rw-p 00000000 00:00 0 
7ff56047e000-7ff564000000 ---p 00000000 00:00 0 
7ff564000000-7ff5643df000 rw-p 00000000 00:00 0 
7ff5643df000-7ff568000000 ---p 00000000 00:00 0 
7ff568000000-7ff568021000 rw-p 00000000 00:00 0 
7ff568021000-7ff56c000000 ---p 00000000 00:00 0 
7ff56e16f000-7ff574000000 r--p 00000000 fd:01 686320                     /usr/lib/locale/locale-archive
7ff574000000-7ff574021000 rw-p 00000000 00:00 0 
7ff574021000-7ff578000000 ---p 00000000 00:00 0 
7ff57b1d3000-7ff57b3cb000 rw-p 00000000 00:00 0 
7ff57b3cb000-7ff57b44f000 r-xp 00000000 fd:01 7501                       /tmp/sqlite-3.7.2-libsqlitejdbc.so
7ff57b44f000-7ff57b64f000 ---p 00084000 fd:01 7501                       /tmp/sqlite-3.7.2-libsqlitejdbc.so
7ff57b64f000-7ff57b650000 r--p 00084000 fd:01 7501                       /tmp/sqlite-3.7.2-libsqlitejdbc.so
7ff57b650000-7ff57b653000 rw-p 00085000 fd:01 7501                       /tmp/sqlite-3.7.2-libsqlitejdbc.so
7ff57b653000-7ff57b657000 r--s 0008a000 fd:01 4057970                    /usr/local/jdk1.7.0_17/jre/lib/jsse.jar
7ff57b657000-7ff57b658000 r--s 00001000 fd:01 3405541                    /home/gabor/glassfish-4.0/javadb/lib/derbyrun.jar
7ff57b658000-7ff57b65b000 r--s 00027000 fd:01 3405480                    /home/gabor/glassfish-4.0/javadb/lib/derbytools.jar
7ff57b65b000-7ff57b65f000 r--s 00037000 fd:01 3405540                    /home/gabor/glassfish-4.0/javadb/lib/derbynet.jar
7ff57b65f000-7ff57b664000 r--s 0007b000 fd:01 3405450                    /home/gabor/glassfish-4.0/javadb/lib/derbyclient.jar
7ff57b664000-7ff57b666000 r--s 00017000 fd:01 3405080                    /home/gabor/glassfish-4.0/javadb/lib/derbyLocale_zh_TW.jar
7ff57b666000-7ff57b668000 r--s 00016000 fd:01 3405075                    /home/gabor/glassfish-4.0/javadb/lib/derbyLocale_zh_CN.jar
7ff57b668000-7ff57b66b000 r--s 0001a000 fd:01 3405297                    /home/gabor/glassfish-4.0/javadb/lib/derbyLocale_ru.jar
7ff57b66b000-7ff57b66d000 r--s 00014000 fd:01 3405077                    /home/gabor/glassfish-4.0/javadb/lib/derbyLocale_pt_BR.jar
7ff57b66d000-7ff57b66f000 r--s 00015000 fd:01 3405295                    /home/gabor/glassfish-4.0/javadb/lib/derbyLocale_pl.jar
7ff57b66f000-7ff57b671000 r--s 00018000 fd:01 3405079                    /home/gabor/glassfish-4.0/javadb/lib/derbyLocale_ko_KR.jar
7ff57b671000-7ff57b673000 r--s 0001a000 fd:01 3405076                    /home/gabor/glassfish-4.0/javadb/lib/derbyLocale_ja_JP.jar
7ff57b673000-7ff57b675000 r--s 00016000 fd:01 3405293                    /home/gabor/glassfish-4.0/javadb/lib/derbyLocale_it.jar
7ff57b675000-7ff57b677000 r--s 00015000 fd:01 3405294                    /home/gabor/glassfish-4.0/javadb/lib/derbyLocale_hu.jar
7ff57b677000-7ff57b67a000 r--s 00017000 fd:01 3405298                    /home/gabor/glassfish-4.0/javadb/lib/derbyLocale_fr.jar
7ff57b67a000-7ff57b67c000 r--s 00016000 fd:01 3405296                    /home/gabor/glassfish-4.0/javadb/lib/derbyLocale_es.jar
7ff57b67c000-7ff57b67f000 r--s 00017000 fd:01 3405078                    /home/gabor/glassfish-4.0/javadb/lib/derbyLocale_de_DE.jar
7ff57b67f000-7ff57b681000 r--s 00015000 fd:01 3405299                    /home/gabor/glassfish-4.0/javadb/lib/derbyLocale_cs.jar
7ff57b681000-7ff57b6aa000 r--s 0025c000 fd:01 3405611                    /home/gabor/glassfish-4.0/javadb/lib/derby.jar
7ff57b6aa000-7ff57b6ab000 r--s 00003000 fd:01 3404677                    /home/gabor/glassfish-4.0/glassfish/modules/jersey-media-moxy.jar
7ff57b6ab000-7ff57b6ac000 r--s 00004000 fd:01 3405501                    /home/gabor/glassfish-4.0/glassfish/modules/metro-glue.jar
7ff57b6ac000-7ff57b6ad000 r--s 00000000 fd:01 3404186                    /home/gabor/glassfish-4.0/glassfish/modules/weld-integration-fragment.jar
7ff57b6ad000-7ff57b6b3000 r--s 0003f000 fd:01 3404552                    /home/gabor/glassfish-4.0/glassfish/modules/org.eclipse.persistence.dbws.jar
7ff57b6b3000-7ff57b6b5000 r--s 00003000 fd:01 3404853                    /home/gabor/glassfish-4.0/glassfish/modules/jersey-gf-ejb.jar
7ff57b6b5000-7ff57b6b8000 r--s 0001e000 fd:01 3404629                    /home/gabor/glassfish-4.0/glassfish/modules/console-common-full-plugin.jar
7ff57b6b8000-7ff57b6ba000 r--s 0000f000 fd:01 3404861                    /home/gabor/glassfish-4.0/glassfish/modules/webservices-connector.jar
7ff57b6ba000-7ff57b6c9000 r--s 00108000 fd:01 3404597                    /home/gabor/glassfish-4.0/glassfish/modules/org.eclipse.persistence.jpa.jar
7ff57b6c9000-7ff57b6cb000 r--s 00005000 fd:01 3404914                    /home/gabor/glassfish-4.0/glassfish/modules/concurrent-connector.jar
7ff57b6cb000-7ff57b6cc000 r--s 00001000 fd:01 3404524                    /home/gabor/glassfish-4.0/glassfish/modules/com.ibm.jbatch-ri-spi.jar
7ff57b6cc000-7ff57b6cd000 r--s 00003000 fd:01 3404689                    /home/gabor/glassfish-4.0/glassfish/modules/glassfish-batch-connector.jar
7ff57b6cd000-7ff57b6cf000 r--s 00002000 fd:01 3404223                    /home/gabor/glassfish-4.0/glassfish/modules/jersey-container-servlet.jar
7ff57b6cf000-7ff57b6d1000 r--s 00007000 fd:01 3405036                    /home/gabor/glassfish-4.0/glassfish/modules/console-ejb-plugin.jar
7ff57b6d1000-7ff57b6d5000 r--s 00018000 fd:01 3404189                    /home/gabor/glassfish-4.0/glassfish/modules/glassfish-corba-csiv2-idl.jar
7ff57b6d5000-7ff57b6f1000 r--s 00161000 fd:01 3404599                    /home/gabor/glassfish-4.0/glassfish/modules/glassfish-corba-orb.jar
7ff57b6f1000-7ff57b6f7000 r--s 00058000 fd:01 3405672                    /home/gabor/glassfish-4.0/glassfish/modules/jts.jar
7ff57b6f7000-7ff57b6f9000 r--s 00006000 fd:01 3405030                    /home/gabor/glassfish-4.0/glassfish/modules/console-jts-plugin.jar
7ff57b6f9000-7ff57b6fd000 r--s 00026000 fd:01 3405034                    /home/gabor/glassfish-4.0/glassfish/modules/console-jms-plugin.jar
7ff57b6fd000-7ff57b704000 r--s 00071000 fd:01 3404553                    /home/gabor/glassfish-4.0/glassfish/modules/org.eclipse.persistence.moxy.jar
7ff57b704000-7ff57b706000 r--s 0000a000 fd:01 3404924                    /home/gabor/glassfish-4.0/glassfish/modules/console-corba-plugin.jar
7ff57b706000-7ff57b709000 r--s 0001f000 fd:01 3404254                    /home/gabor/glassfish-4.0/glassfish/modules/schema2beans-repackaged.jar
7ff57b709000-7ff57b70b000 r--s 00011000 fd:01 3405273                    /home/gabor/glassfish-4.0/glassfish/modules/cmp-ejb-mapping.jar
7ff57b70b000-7ff57b70e000 r--s 00017000 fd:01 3404926                    /home/gabor/glassfish-4.0/glassfish/modules/entitybean-container.jar
7ff57b70e000-7ff57b710000 r--s 00004000 fd:01 3405190                    /home/gabor/glassfish-4.0/glassfish/modules/cmp-internal-api.jar
7ff57b710000-7ff57b711000 r--s 00001000 fd:01 3405137                    /home/gabor/glassfish-4.0/glassfish/modules/tyrus-spi.jar
7ff57b711000-7ff57b712000 r--s 00001000 fd:01 3404097                    /home/gabor/glassfish-4.0/glassfish/modules/jersey-media-json-processing.jar
7ff57b712000-7ff57b714000 r--s 0000d000 fd:01 3405205                    /home/gabor/glassfish-4.0/glassfish/modules/mimepull.jar
7ff57b714000-7ff57b718000 r--s 00038000 fd:01 3405467                    /home/gabor/glassfish-4.0/glassfish/modules/jsr109-impl.jar
7ff57b718000-7ff57b71b000 r--s 00018000 fd:01 3405536                    /home/gabor/glassfish-4.0/glassfish/modules/jms-admin.jar
7ff57b71b000-7ff57b728000 r--s 000d3000 fd:01 3405393                    /home/gabor/glassfish-4.0/glassfish/modules/ejb-container.jar
7ff57b728000-7ff57b72f000 r--s 00044000 fd:01 3404582                    /home/gabor/glassfish-4.0/glassfish/modules/glassfish-grizzly-extra-all.jar
7ff57b72f000-7ff57b731000 r--s 00006000 fd:01 3404633                    /home/gabor/glassfish-4.0/glassfish/modules/connectors-inbound-runtime.jar
7ff57b731000-7ff57b733000 r--s 00013000 fd:01 3405565                    /home/gabor/glassfish-4.0/glassfish/modules/jms-core.jar
7ff57b733000-7ff57b736000 r--s 00014000 fd:01 3404687                    /home/gabor/glassfish-4.0/glassfish/modules/console-concurrent-plugin.jar
7ff57b736000-7ff57b738000 r--s 00003000 fd:01 3405471                    /home/gabor/glassfish-4.0/glassfish/modules/jdbc-config.jar
7ff57b738000-7ff57b740000 r--s 00078000 fd:01 3405031                    /home/gabor/glassfish-4.0/glassfish/modules/connectors-runtime.jar
7ff57b740000-7ff57b742000 r--s 00012000 fd:01 3405438                    /home/gabor/glassfish-4.0/glassfish/modules/jdbc-runtime.jar
7ff57b742000-7ff57b746000 r--s 0003a000 fd:01 3404251                    /home/gabor/glassfish-4.0/glassfish/modules/trilead-ssh2-repackaged.jar
7ff57b746000-7ff57b748000 r--s 00009000 fd:01 3404992                    /home/gabor/glassfish-4.0/glassfish/modules/cluster-ssh.jar
7ff57b748000-7ff57b74a000 r--s 00008000 fd:01 3404824                    /home/gabor/glassfish-4.0/glassfish/modules/cluster-common.jar
7ff57b74a000-7ff57b74e000 r--s 00038000 fd:01 3404859                    /home/gabor/glassfish-4.0/glassfish/modules/cluster-admin.jar
7ff57b74e000-7ff57b750000 r--s 0000d000 fd:01 3405506                    /home/gabor/glassfish-4.0/glassfish/modules/jdbc-admin.jar
7ff57b750000-7ff57b757000 r--s 0003c000 fd:01 3404587                    /home/gabor/glassfish-4.0/glassfish/modules/org.eclipse.persistence.asm.jar
7ff57b757000-7ff57b795000 r--s 00482000 fd:01 3404554                    /home/gabor/glassfish-4.0/glassfish/modules/org.eclipse.persistence.core.jar
7ff57b795000-7ff57b7b3000 r--s 00137000 fd:01 3404213                    /home/gabor/glassfish-4.0/glassfish/modules/org.eclipse.persistence.jpa.jpql.jar
7ff57b7b3000-7ff57b7b5000 r--s 00005000 fd:01 3405032                    /home/gabor/glassfish-4.0/glassfish/modules/javamail-connector.jar
7ff57b7b5000-7ff57b7b6000 r--s 00004000 fd:01 3405198                    /home/gabor/glassfish-4.0/glassfish/modules/javamail-runtime.jar
7ff57b7b6000-7ff57b7b7000 r--s 00004000 fd:01 3405399                    /home/gabor/glassfish-4.0/glassfish/modules/javaee-kernel.jar
7ff57b7b7000-7ff57b7b8000 r--s 00000000 fd:01 3403926                    /home/gabor/glassfish-4.0/glassfish/modules/glassfish-oracle-jdbc-driver-packages.jar
7ff57b7b8000-7ff57b7b9000 r--s 00001000 fd:01 3404927                    /home/gabor/glassfish-4.0/glassfish/modules/jspcaching-connector.jar
7ff57b7b9000-7ff57b7ba000 r--s 00003000 fd:01 3405203                    /home/gabor/glassfish-4.0/glassfish/modules/gf-jms-connector.jar
7ff57b7ba000-7ff57b7bd000 r--s 00008000 fd:01 3404866                    /home/gabor/glassfish-4.0/glassfish/modules/shoal-gms-api.jar
7ff57b7bd000-7ff57b7bf000 r--s 00005000 fd:01 3404862                    /home/gabor/glassfish-4.0/glassfish/modules/gms-bootstrap.jar
7ff57b7bf000-7ff57b7c1000 r--s 00011000 fd:01 3405606                    /home/gabor/glassfish-4.0/glassfish/modules/web-ha.jar
7ff57b7c1000-7ff57b7c3000 r--s 00004000 fd:01 3404751                    /home/gabor/glassfish-4.0/glassfish/modules/tyrus-container-servlet.jar
7ff57b7c3000-7ff57b7c4000 r--s 00001000 fd:01 3404075                    /home/gabor/glassfish-4.0/glassfish/modules/tyrus-container-glassfish-cdi.jar
7ff57b7c4000-7ff57b7c6000 r--s 00000000 fd:01 3404052                    /home/gabor/glassfish-4.0/glassfish/modules/webservices-extra-jdk-packages.jar
7ff57b7c6000-7ff57b7ca000 r--s 00028000 fd:01 3405135                    /home/gabor/glassfish-4.0/glassfish/modules/stax2-api.jar
7ff57b7ca000-7ff57b7cf000 r--s 00066000 fd:01 3404725                    /home/gabor/glassfish-4.0/glassfish/modules/antlr-repackaged.jar
7ff57b7cf000-7ff57b7d7000 r--s 00056000 fd:01 3404138                    /home/gabor/glassfish-4.0/glassfish/modules/com.ibm.jbatch-runtime-all.jar
7ff57b7d7000-7ff57b7d9000 r--s 00007000 fd:01 3404632                    /home/gabor/glassfish-4.0/glassfish/modules/bean-validator-cdi.jar
7ff57b7d9000-7ff57b7da000 r--s 00003000 fd:01 3405136                    /home/gabor/glassfish-4.0/glassfish/modules/gf-weld-connector.jar
7ff57b7da000-7ff57b7dc000 r--s 00004000 fd:01 3405589                    /home/gabor/glassfish-4.0/glassfish/modules/web-sse.jar
7ff57b7dc000-7ff57b7de000 r--s 00006000 fd:01 3405395                    /home/gabor/glassfish-4.0/glassfish/modules/web-embed-api.jar
7ff57b7de000-7ff57b7df000 r--s 0000a000 fd:01 3405468                    /home/gabor/glassfish-4.0/glassfish/modules/websecurity.jar
7ff57b7df000-7ff57b7e1000 r--s 00008000 fd:01 3404869                    /home/gabor/glassfish-4.0/glassfish/modules/web-gui-plugin-common.jar
7ff57b7e1000-7ff57b7e3000 r--s 00001000 fd:01 3405500                    /home/gabor/glassfish-4.0/glassfish/modules/admin-core.jar
7ff57b7e3000-7ff57b7f0000 r--s 000fe000 fd:01 3405567                    /home/gabor/glassfish-4.0/glassfish/modules/web-core.jar
7ff57b7f0000-7ff57b7f6000 r--s 00036000 fd:01 3404077                    /home/gabor/glassfish-4.0/glassfish/modules/jmxremote_optional-repackaged.jar
7ff57b7f6000-7ff57b7f8000 r--s 0000e000 fd:01 3404525                    /home/gabor/glassfish-4.0/glassfish/modules/glassfish-mbeanserver.jar
7ff57b7f8000-7ff57b800000 r--s 00064000 fd:01 3405192                    /home/gabor/glassfish-4.0/glassfish/modules/amx-core.jar
7ff57b800000-7ff57b803000 r--s 00011000 fd:01 3405504                    /home/gabor/glassfish-4.0/glassfish/modules/amx-javaee.jar
7ff57b803000-7ff57b807000 r--s 00029000 fd:01 3405590                    /home/gabor/glassfish-4.0/glassfish/modules/web-cli.jar
7ff57b807000-7ff57b811000 r--s 00091000 fd:01 3405568                    /home/gabor/glassfish-4.0/glassfish/modules/web-glue.jar
7ff57b811000-7ff57b814000 r--s 0001f000 fd:01 3405196                    /home/gabor/glassfish-4.0/glassfish/modules/weld-integration.jar
7ff57b814000-7ff57b818000 r--s 00010000 fd:01 3405588                    /home/gabor/glassfish-4.0/glassfish/modules/stats77.jar
7ff57b818000-7ff57b81b000 r--s 00017000 fd:01 3405505                    /home/gabor/glassfish-4.0/glassfish/modules/web-naming.jar
7ff57b81b000-7ff57b81d000 r--s 00017000 fd:01 3405569                    /home/gabor/glassfish-4.0/glassfish/modules/war-util.jar
7ff57b81d000-7ff57b81f000 r--s 00006000 fd:01 3405042                    /home/gabor/glassfish-4.0/glassfish/modules/jersey-mvc.jar
7ff57b81f000-7ff57b82b000 r--s 0007f000 fd:01 3404868                    /home/gabor/glassfish-4.0/glassfish/modules/jersey-common.jar
7ff57b82b000-7ff57b854000 r--s 001e2000 fd:01 3405400                    /home/gabor/glassfish-4.0/glassfish/modules/guava.jar
7ff57b854000-7ff57b857000 r--s 00019000 fd:01 3404856                    /home/gabor/glassfish-4.0/glassfish/modules/jersey-client.jar
7ff57b857000-7ff57b869000 r--s 00094000 fd:01 3404855                    /home/gabor/glassfish-4.0/glassfish/modules/jersey-server.jar
7ff57b869000-7ff57b86b000 r--s 0000a000 fd:01 3404071                    /home/gabor/glassfish-4.0/glassfish/modules/jersey-container-servlet-core.jar
7ff57b86b000-7ff57b86c000 r--s 00001000 fd:01 3404923                    /home/gabor/glassfish-4.0/glassfish/modules/jersey-mvc-connector.jar
7ff57b86c000-7ff57b870000 r--s 000d1000 fd:01 3404586                    /home/gabor/glassfish-4.0/glassfish/modules/libpam4j-repackaged.jar
7ff57b870000-7ff57b872000 r--s 00001000 fd:01 3405208                    /home/gabor/glassfish-4.0/glassfish/modules/ejb-internal-api.jar
7ff57b872000-7ff57b874000 r--s 0000d000 fd:01 3404676                    /home/gabor/glassfish-4.0/glassfish/modules/jaspic.provider.framework.jar
7ff57b874000-7ff57b875000 r--s 00002000 fd:01 3405187                    /home/gabor/glassfish-4.0/glassfish/modules/glassfish-ee-api.jar
7ff57b875000-7ff57b87c000 r--s 0004c000 fd:01 3405469                    /home/gabor/glassfish-4.0/glassfish/modules/security-ee.jar
7ff57b87c000-7ff57b87e000 r--s 00001000 fd:01 3404989                    /home/gabor/glassfish-4.0/glassfish/modules/appclient-connector.jar
7ff57b87e000-7ff57b880000 r--s 00001000 fd:01 3404756                    /home/gabor/glassfish-4.0/glassfish/modules/gf-connectors-connector.jar
7ff57b880000-7ff57b881000 r--s 00004000 fd:01 3405204                    /home/gabor/glassfish-4.0/glassfish/modules/gf-ejb-connector.jar
7ff57b881000-7ff57b883000 r--s 00006000 fd:01 3405197                    /home/gabor/glassfish-4.0/glassfish/modules/gf-web-connector.jar
7ff57b883000-7ff57b885000 r--s 00006000 fd:01 3404819                    /home/gabor/glassfish-4.0/glassfish/modules/deployment-javaee-core.jar
7ff57b885000-7ff57b887000 r--s 0000a000 fd:01 3404816                    /home/gabor/glassfish-4.0/glassfish/modules/deployment-javaee-full.jar
7ff57b887000-7ff57b88c000 r--s 0002a000 fd:01 3404513                    /home/gabor/glassfish-4.0/glassfish/modules/org.eclipse.persistence.antlr.jar
7ff57b88c000-7ff57b88f000 r--s 00016000 fd:01 3404764                    /home/gabor/glassfish-4.0/glassfish/modules/monitoring-core.jar
7ff57b88f000-7ff57b891000 r--s 00005000 fd:01 3404095                    /home/gabor/glassfish-4.0/glassfish/modules/glassfish-corba-internal-api.jar
7ff57b891000-7ff57b8a6000 r--s 000af000 fd:01 3404488                    /home/gabor/glassfish-4.0/glassfish/modules/glassfish-corba-omgapi.jar
7ff57b8a6000-7ff57b8a8000 r--s 00002000 fd:01 3405464                    /home/gabor/glassfish-4.0/glassfish/modules/orb-enabler.jar
7ff57b8a8000-7ff57b8ab000 r--s 0000c000 fd:01 3405401                    /home/gabor/glassfish-4.0/glassfish/modules/orb-connector.jar
7ff57b8ab000-7ff57b8ad000 r--s 00009000 fd:01 3405277                    /home/gabor/glassfish-4.0/glassfish/modules/work-management.jar
7ff57b8ad000-7ff57b8c2000 r--s 000dd000 fd:01 3404765                    /home/gabor/glassfish-4.0/glassfish/modules/jaxb-extra-osgi.jar
7ff57b8c2000-7ff57b8c4000 r--s 00003000 fd:01 3404814                    /home/gabor/glassfish-4.0/glassfish/modules/jersey-mvc-jsp.jar
7ff57b8c4000-7ff57b8c6000 r--s 0000f000 fd:01 3405673                    /home/gabor/glassfish-4.0/glassfish/modules/jta.jar
7ff57b8c6000-7ff57b8c7000 r--s 00005000 fd:01 3404937                    /home/gabor/glassfish-4.0/glassfish/modules/tyrus-server.jar
7ff57b8c7000-7ff57b8c8000 r--s 00002000 fd:01 3404934                    /home/gabor/glassfish-4.0/glassfish/modules/tyrus-client.jar
7ff57b8c8000-7ff57b8ce000 r--s 0006d000 fd:01 3404684                    /home/gabor/glassfish-4.0/glassfish/modules/woodstox-core-asl.jar
7ff57b8ce000-7ff57b8d0000 r--s 0000f000 fd:01 3404808                    /home/gabor/glassfish-4.0/glassfish/modules/cmp-generator-database.jar
7ff57b8d0000-7ff57b8dd000 r--s 000ca000 fd:01 3404560                    /home/gabor/glassfish-4.0/glassfish/modules/j-interop-repackaged.jar
7ff57b8dd000-7ff57b8df000 r--s 00000000 fd:01 3404933                    /home/gabor/glassfish-4.0/glassfish/modules/api-exporter.jar
7ff57b8df000-7ff57b8e3000 r--s 00028000 fd:01 3405276                    /home/gabor/glassfish-4.0/glassfish/modules/logging.jar
7ff57b8e3000-7ff57b8e4000 r--s 00002000 fd:01 3404556                    /home/gabor/glassfish-4.0/glassfish/modules/simple-glassfish-api.jar
7ff57b8e4000-7ff57b8e8000 r--s 0001c000 fd:01 3405148                    /home/gabor/glassfish-4.0/glassfish/modules/glassfish.jar
7ff57b8e8000-7ff57b8ec000 r--s 0001f000 fd:01 3404558                    /home/gabor/glassfish-4.0/glassfish/modules/flashlight-framework.jar
7ff57b8ec000-7ff57b8f6000 r--s 000a0000 fd:01 3405337                    /home/gabor/glassfish-4.0/glassfish/modules/kernel.jar
7ff57b8f6000-7ff57b8f9000 r--s 00013000 fd:01 3404485                    /home/gabor/glassfish-4.0/glassfish/modules/org.eclipse.persistence.oracle.jar
7ff57b8f9000-7ff57b8fd000 r--s 00021000 fd:01 3404562                    /home/gabor/glassfish-4.0/glassfish/modules/tyrus-websocket-core.jar
7ff57b8fd000-7ff57b904000 r--s 0003b000 fd:01 3404608                    /home/gabor/glassfish-4.0/glassfish/modules/dbschema-repackaged.jar
7ff57b904000-7ff57b906000 r--s 00007000 fd:01 3405339                    /home/gabor/glassfish-4.0/glassfish/modules/ha-api.jar
7ff57b906000-7ff57b909000 r--s 00014000 fd:01 3405195                    /home/gabor/glassfish-4.0/glassfish/modules/glassfish-naming.jar
7ff57b909000-7ff57b90f000 r--s 00027000 fd:01 3405206                    /home/gabor/glassfish-4.0/glassfish/modules/container-common.jar
7ff57b90f000-7ff57b911000 r--s 0000d000 fd:01 3404693                    /home/gabor/glassfish-4.0/glassfish/modules/nucleus-resources.jar
7ff57b911000-7ff57b914000 r--s 00018000 fd:01 3404990                    /home/gabor/glassfish-4.0/glassfish/modules/resources-connector.jar
7ff57b914000-7ff57b918000 r--s 00034000 fd:01 3404729                    /home/gabor/glassfish-4.0/glassfish/modules/jackson-core-asl.jar
7ff57b918000-7ff57b91a000 r--s 0000b000 fd:01 3404683                    /home/gabor/glassfish-4.0/glassfish/modules/ldapbp-repackaged.jar
7ff57b91a000-7ff57b91c000 r--s 00003000 fd:01 3405189                    /home/gabor/glassfish-4.0/glassfish/modules/ssl-impl.jar
7ff57b91c000-7ff57b924000 r--s 0006b000 fd:01 3405194                    /home/gabor/glassfish-4.0/glassfish/modules/security.jar
7ff57b925000-7ff57b927000 r--s 00007000 fd:01 3405139                    /home/gabor/glassfish-4.0/glassfish/modules/resources-runtime.jar
7ff57b927000-7ff57b928000 r--s 00006000 fd:01 3404258                    /home/gabor/glassfish-4.0/glassfish/modules/tyrus-container-grizzly.jar
7ff57b928000-7ff57b929000 r--s 00004000 fd:01 3404864                    /home/gabor/glassfish-4.0/glassfish/modules/jersey-gf-cdi.jar
7ff57b929000-7ff57b92b000 r--s 00018000 fd:01 3405278                    /home/gabor/glassfish-4.0/glassfish/modules/concurrent-impl.jar
7ff57b92b000-7ff57b92d000 r--s 00006000 fd:01 3404760                    /home/gabor/glassfish-4.0/glassfish/modules/console-ejb-lite-plugin.jar
7ff57b92d000-7ff57b92f000 r--s 00005000 fd:01 3405188                    /home/gabor/glassfish-4.0/glassfish/modules/gf-jms-injection.jar
7ff57b92f000-7ff57b933000 r--s 00036000 fd:01 3405440                    /home/gabor/glassfish-4.0/glassfish/modules/cmp-enhancer.jar
7ff57b933000-7ff57b93b000 r--s 00087000 fd:01 3404935                    /home/gabor/glassfish-4.0/glassfish/modules/cmp-support-sqlstore.jar
7ff57b93b000-7ff57b93e000 r--s 0003b000 fd:01 3405275                    /home/gabor/glassfish-4.0/glassfish/modules/cmp-support-ejb.jar
7ff57b93e000-7ff57b93f000 r--s 00001000 fd:01 3405335                    /home/gabor/glassfish-4.0/glassfish/modules/jstl-connector.jar
7ff57b93f000-7ff57b941000 r--s 00010000 fd:01 3405035                    /home/gabor/glassfish-4.0/glassfish/modules/ejb-full-container.jar
7ff57b941000-7ff57b945000 r--s 0002b000 fd:01 3405186                    /home/gabor/glassfish-4.0/glassfish/modules/connectors-admin.jar
7ff57b945000-7ff57b946000 r--s 0000a000 fd:01 3404721                    /home/gabor/glassfish-4.0/glassfish/modules/glassfish-batch-commands.jar
7ff57b946000-7ff57b948000 r--s 00009000 fd:01 3405402                    /home/gabor/glassfish-4.0/glassfish/modules/jpa-container.jar
7ff57b948000-7ff57b94b000 r--s 00021000 fd:01 3405040                    /home/gabor/glassfish-4.0/glassfish/modules/tyrus-core.jar
7ff57b94b000-7ff57b94d000 r--s 0000b000 fd:01 3403899                    /home/gabor/glassfish-4.0/glassfish/modules/org.eclipse.persistence.jpa.modelgen.processor.jar
7ff57b94d000-7ff57b96b000 r--s 001b8000 fd:01 3405466                    /home/gabor/glassfish-4.0/glassfish/modules/ant.jar
7ff57b96b000-7ff57b96f000 r--s 00017000 fd:01 3404680                    /home/gabor/glassfish-4.0/glassfish/modules/security-services.jar
7ff57b96f000-7ff57b975000 r--s 0004c000 fd:01 3405049                    /home/gabor/glassfish-4.0/glassfish/modules/admin-util.jar
7ff57b975000-7ff57b977000 r--s 00004000 fd:01 3404713                    /home/gabor/glassfish-4.0/glassfish/modules/transaction-internal-api.jar
7ff57b977000-7ff57b97b000 r--s 00015000 fd:01 3404755                    /home/gabor/glassfish-4.0/glassfish/modules/connectors-internal-api.jar
7ff57b97b000-7ff57b97d000 r--s 00008000 fd:01 3404930                    /home/gabor/glassfish-4.0/glassfish/modules/annotation-framework.jar
7ff57b97d000-7ff57b97f000 r--s 0000a000 fd:01 3404918                    /home/gabor/glassfish-4.0/glassfish/modules/pfl-tf-tools.jar
7ff57b97f000-7ff57b982000 r--s 0000f000 fd:01 3404762                    /home/gabor/glassfish-4.0/glassfish/modules/pfl-basic-tools.jar
7ff57b982000-7ff57b98a000 r--s 0004b000 fd:01 3404997                    /home/gabor/glassfish-4.0/glassfish/modules/pfl-dynamic.jar
7ff57b98a000-7ff57b990000 r--s 0004f000 fd:01 3405274                    /home/gabor/glassfish-4.0/glassfish/modules/pfl-asm.jar
7ff57b990000-7ff57b993000 r--s 00014000 fd:01 3405336                    /home/gabor/glassfish-4.0/glassfish/modules/pfl-tf.jar
7ff57b993000-7ff57b999000 r--s 00027000 fd:01 3405132                    /home/gabor/glassfish-4.0/glassfish/modules/pfl-basic.jar
7ff57b999000-7ff57b99e000 r--s 0002c000 fd:01 3405398                    /home/gabor/glassfish-4.0/glassfish/modules/gmbal.jar
7ff57b99e000-7ff57b9aa000 r--s 0007d000 fd:01 3405038                    /home/gabor/glassfish-4.0/glassfish/modules/config-api.jar
7ff57b9aa000-7ff57b9ae000 r--s 0001d000 fd:01 3404916                    /home/gabor/glassfish-4.0/glassfish/modules/internal-api.jar
7ff57b9ae000-7ff57b9b1000 r--s 00027000 fd:01 3404686                    /home/gabor/glassfish-4.0/glassfish/modules/deployment-common.jar
7ff57b9b1000-7ff57b9b3000 r--s 00009000 fd:01 3404818                    /home/gabor/glassfish-4.0/glassfish/modules/management-api.jar
7ff57b9b3000-7ff57b9fa000 r--s 00312000 fd:01 3404717                    /home/gabor/glassfish-4.0/glassfish/modules/weld-osgi-bundle.jar
7ff57b9fa000-7ff57b9fb000 ---p 00000000 00:00 0 
7ff57b9fb000-7ff57bafb000 rw-p 00000000 00:00 0 
7ff57bafb000-7ff57bafe000 ---p 00000000 00:00 0 
7ff57bafe000-7ff57bbfc000 rw-p 00000000 00:00 0 
7ff57bbfc000-7ff57bbff000 ---p 00000000 00:00 0 
7ff57bbff000-7ff57bcfd000 rw-p 00000000 00:00 0 
7ff57bcfd000-7ff57bd00000 ---p 00000000 00:00 0 
7ff57bd00000-7ff57bdfe000 rw-p 00000000 00:00 0 
7ff57bdfe000-7ff57be01000 ---p 00000000 00:00 0 
7ff57be01000-7ff57beff000 rw-p 00000000 00:00 0 
7ff57beff000-7ff57bf02000 ---p 00000000 00:00 0 
7ff57bf02000-7ff57c000000 rw-p 00000000 00:00 0 
7ff57c000000-7ff57c021000 rw-p 00000000 00:00 0 
7ff57c021000-7ff580000000 ---p 00000000 00:00 0 
7ff580000000-7ff580021000 rw-p 00000000 00:00 0 
7ff580021000-7ff584000000 ---p 00000000 00:00 0 
7ff584000000-7ff584021000 rw-p 00000000 00:00 0 
7ff584021000-7ff588000000 ---p 00000000 00:00 0 
7ff588001000-7ff58801a000 r--s 0013f000 fd:01 3404583                    /home/gabor/glassfish-4.0/glassfish/modules/nucleus-grizzly-all.jar
7ff58801a000-7ff5880d0000 r--s 00b00000 fd:01 3404722                    /home/gabor/glassfish-4.0/glassfish/modules/webservices-osgi.jar
7ff5880d0000-7ff58c000000 rw-p 00000000 00:00 0 
7ff58c000000-7ff58c021000 rw-p 00000000 00:00 0 
7ff58c021000-7ff590000000 ---p 00000000 00:00 0 
7ff590000000-7ff590021000 rw-p 00000000 00:00 0 
7ff590021000-7ff594000000 ---p 00000000 00:00 0 
7ff594000000-7ff594021000 rw-p 00000000 00:00 0 
7ff594021000-7ff598000000 ---p 00000000 00:00 0 
7ff598001000-7ff598003000 r--s 00015000 fd:01 3405437                    /home/gabor/glassfish-4.0/glassfish/modules/ejb.security.jar
7ff598003000-7ff598005000 r--s 00010000 fd:01 3404929                    /home/gabor/glassfish-4.0/glassfish/modules/webservices.security.jar
7ff598005000-7ff598008000 r--s 00013000 fd:01 3405571                    /home/gabor/glassfish-4.0/glassfish/modules/orb-iiop.jar
7ff598008000-7ff598009000 r--s 00001000 fd:01 3404986                    /home/gabor/glassfish-4.0/glassfish/modules/jsonp-jaxrs.jar
7ff598009000-7ff59800b000 r--s 00008000 fd:01 3405570                    /home/gabor/glassfish-4.0/glassfish/modules/soap-tcp.jar
7ff59800b000-7ff59800f000 r--s 00012000 fd:01 3404993                    /home/gabor/glassfish-4.0/glassfish/modules/class-model.jar
7ff59800f000-7ff598011000 r--s 00006000 fd:01 3404928                    /home/gabor/glassfish-4.0/glassfish/modules/hk2-runlevel.jar
7ff598011000-7ff598016000 r--s 0002c000 fd:01 3405046                    /home/gabor/glassfish-4.0/glassfish/modules/hk2-config.jar
7ff598016000-7ff598017000 r--s 00001000 fd:01 3404919                    /home/gabor/glassfish-4.0/glassfish/modules/config-types.jar
7ff598017000-7ff598018000 r--s 00000000 fd:01 3405470                    /home/gabor/glassfish-4.0/glassfish/modules/hk2.jar
7ff598018000-7ff59801a000 r--s 00002000 fd:01 3404519                    /home/gabor/glassfish-4.0/glassfish/modules/scattered-archive-api.jar
7ff59801a000-7ff598021000 r--s 00026000 fd:01 3404858                    /home/gabor/glassfish-4.0/glassfish/modules/glassfish-api.jar
7ff598021000-7ff598026000 r--s 00046000 fd:01 3404639                    /home/gabor/glassfish-4.0/glassfish/modules/asm-all-repackaged.jar
7ff598026000-7ff598031000 r--s 0006d000 fd:01 3404995                    /home/gabor/glassfish-4.0/glassfish/modules/common-util.jar
7ff598031000-7ff598033000 r--s 0000b000 fd:01 3405133                    /home/gabor/glassfish-4.0/glassfish/modules/hk2-utils.jar
7ff598033000-7ff598039000 r--s 0003e000 fd:01 3405404                    /home/gabor/glassfish-4.0/glassfish/modules/cglib.jar
7ff598039000-7ff59803a000 r--s 00004000 fd:01 3404526                    /home/gabor/glassfish-4.0/glassfish/modules/osgi-resource-locator.jar
7ff59803a000-7ff59803e000 r--s 00018000 fd:01 3405280                    /home/gabor/glassfish-4.0/glassfish/modules/hk2-api.jar
7ff59803e000-7ff59804c000 r--s 000a8000 fd:01 3405671                    /home/gabor/glassfish-4.0/glassfish/modules/dol.jar
7ff59804c000-7ff59804f000 ---p 00000000 00:00 0 
7ff59804f000-7ff59814d000 rw-p 00000000 00:00 0 
7ff59814d000-7ff59814e000 ---p 00000000 00:00 0 
7ff59814e000-7ff599000000 rw-p 00000000 00:00 0 
7ff599000000-7ff599270000 rwxp 00000000 00:00 0 
7ff599270000-7ff59cbe2000 rw-p 00000000 00:00 0 
7ff59cbe2000-7ff5a0000000 ---p 00000000 00:00 0 
7ff5a0000000-7ff5a0001000 r--s 00003000 fd:01 3405396                    /home/gabor/glassfish-4.0/glassfish/modules/jsf-connector.jar
7ff5a0001000-7ff5a0003000 r--s 00001000 fd:01 3405200                    /home/gabor/glassfish-4.0/glassfish/modules/gf-jpa-connector.jar
7ff5a0003000-7ff5a0006000 r--s 0001c000 fd:01 3404991                    /home/gabor/glassfish-4.0/glassfish/modules/hk2-locator.jar
7ff5a0006000-7ff5a0009000 r--s 0001a000 fd:01 3405439                    /home/gabor/glassfish-4.0/glassfish/modules/core.jar
7ff5a0009000-7ff5a000b000 r--s 00005000 fd:01 3405039                    /home/gabor/glassfish-4.0/glassfish/modules/persistence-common.jar
7ff5a000b000-7ff5a000d000 r--s 0000e000 fd:01 3405465                    /home/gabor/glassfish-4.0/glassfish/modules/cmp-utility.jar
7ff5a000d000-7ff5a0011000 r--s 00022000 fd:01 3405537                    /home/gabor/glassfish-4.0/glassfish/modules/cmp-model.jar
7ff5a0011000-7ff5a0012000 r--s 00001000 fd:01 3403960                    /home/gabor/glassfish-4.0/glassfish/lib/embedded/glassfish-embedded-static-shell.jar
7ff5a0012000-7ff5a0015000 r--s 00009000 fd:01 3404678                    /home/gabor/glassfish-4.0/glassfish/modules/javax.xml.rpc-api.jar
7ff5a0015000-7ff5a0017000 r--s 00006000 fd:01 3404187                    /home/gabor/glassfish-4.0/glassfish/modules/javax.management.j2ee-api.jar
7ff5a0017000-7ff5a0018000 r--s 00007000 fd:01 3404143                    /home/gabor/glassfish-4.0/glassfish/modules/javax.servlet.jsp.jstl-api.jar
7ff5a0018000-7ff5a0019000 r--s 0000c000 fd:01 3404257                    /home/gabor/glassfish-4.0/glassfish/modules/javax.security.jacc-api.jar
7ff5a0019000-7ff5a001c000 r--s 00015000 fd:01 3405146                    /home/gabor/glassfish-4.0/glassfish/modules/javax.servlet-api.jar
7ff5a001c000-7ff5a001e000 r--s 0000a000 fd:01 3404489                    /home/gabor/glassfish-4.0/glassfish/modules/javax.xml.registry-api.jar
7ff5a001e000-7ff5a0021000 r--s 0000d000 fd:01 3405394                    /home/gabor/glassfish-4.0/glassfish/modules/javax.ejb-api.jar
7ff5a0021000-7ff5a0022000 r--s 00001000 fd:01 3404917                    /home/gabor/glassfish-4.0/glassfish/modules/javax.inject.jar
7ff5a0022000-7ff5a0024000 r--s 00002000 fd:01 3404024                    /home/gabor/glassfish-4.0/glassfish/modules/javax.enterprise.concurrent-api.jar
7ff5a0024000-7ff5a0026000 r--s 0000c000 fd:01 3404606                    /home/gabor/glassfish-4.0/glassfish/modules/javax.enterprise.concurrent.jar
7ff5a0026000-7ff5a002c000 r--s 00022000 fd:01 3404679                    /home/gabor/glassfish-4.0/glassfish/modules/javax.persistence.jar
7ff5a002c000-7ff5a0054000 r--s 002b8000 fd:01 3404987                    /home/gabor/glassfish-4.0/glassfish/modules/javax.faces.jar
7ff5a0054000-7ff5a0093000 r--s 00325000 fd:01 3405140                    /home/gabor/glassfish-4.0/glassfish/modules/jaxb-osgi.jar
7ff5a0093000-7ff5a0096000 r--s 00006000 fd:01 3404758                    /home/gabor/glassfish-4.0/glassfish/modules/javax.batch-api.jar
7ff5a0096000-7ff5a009f000 r--s 0005a000 fd:01 3404492                    /home/gabor/glassfish-4.0/glassfish/modules/javax.servlet.jsp.jstl.jar
7ff5a009f000-7ff5a00b0000 r--s 000a2000 fd:01 3404822                    /home/gabor/glassfish-4.0/glassfish/modules/bean-validator.jar
7ff5a00b0000-7ff5a00b2000 r--s 00006000 fd:01 3404863                    /home/gabor/glassfish-4.0/glassfish/modules/javax.transaction-api.jar
7ff5a00b2000-7ff5a00b9000 r--s 0007d000 fd:01 3405144                    /home/gabor/glassfish-4.0/glassfish/modules/javax.servlet.jsp.jar
7ff5a00b9000-7ff5a00ba000 r--s 00005000 fd:01 3404870                    /home/gabor/glassfish-4.0/glassfish/modules/javax.interceptor-api.jar
7ff5a00ba000-7ff5a00c1000 r--s 00077000 fd:01 3405037                    /home/gabor/glassfish-4.0/glassfish/modules/javax.mail.jar
7ff5a00c1000-7ff5a0333000 rw-p 00000000 00:00 0 
7ff5a0333000-7ff5a04ef000 r--s 039dc000 fd:01 4058006                    /usr/local/jdk1.7.0_17/jre/lib/rt.jar
7ff5a04ef000-7ff5a04f2000 r--s 0000a000 fd:01 3010010                    /home/gabor/netbeans-7.3.1/enterprise/modules/ext/javaee6-endorsed/webservices-api-osgi.jar
7ff5a04f2000-7ff5a04f6000 r--s 00016000 fd:01 3010235                    /home/gabor/netbeans-7.3.1/enterprise/modules/ext/javaee6-endorsed/jaxb-api-osgi.jar
7ff5a04f6000-7ff5a04f8000 r--s 00004000 fd:01 3010149                    /home/gabor/netbeans-7.3.1/enterprise/modules/ext/javaee6-endorsed/javax.annotation.jar
7ff5a04f8000-7ff5a14ec000 rw-p 00000000 00:00 0 
7ff5a14ec000-7ff5a14ed000 ---p 00000000 00:00 0 
7ff5a14ed000-7ff5a15ed000 rw-p 00000000 00:00 0 
7ff5a15ed000-7ff5a15ee000 ---p 00000000 00:00 0 
7ff5a15ee000-7ff5a16ee000 rw-p 00000000 00:00 0 
7ff5a16ee000-7ff5a16ef000 ---p 00000000 00:00 0 
7ff5a16ef000-7ff5a17ef000 rw-p 00000000 00:00 0 
7ff5a17ef000-7ff5a17f0000 ---p 00000000 00:00 0 
7ff5a17f0000-7ff5a18fb000 rw-p 00000000 00:00 0 
7ff5a18fb000-7ff5a1919000 rw-p 00000000 00:00 0 
7ff5a1919000-7ff5a1942000 rw-p 00000000 00:00 0 
7ff5a1942000-7ff5a1ba0000 rw-p 00000000 00:00 0 
7ff5a1ba0000-7ff5a1bab000 rw-p 00000000 00:00 0 
7ff5a1bab000-7ff5a1bc9000 rw-p 00000000 00:00 0 
7ff5a1bc9000-7ff5a1bf2000 rw-p 00000000 00:00 0 
7ff5a1bf2000-7ff5a1e4f000 rw-p 00000000 00:00 0 
7ff5a1e4f000-7ff5a1e74000 rw-p 00000000 00:00 0 
7ff5a1e74000-7ff5a1f93000 rw-p 00000000 00:00 0 
7ff5a1f93000-7ff5a1f9e000 rw-p 00000000 00:00 0 
7ff5a1f9e000-7ff5a2054000 rw-p 00000000 00:00 0 
7ff5a2054000-7ff5a206e000 r-xp 00000000 fd:01 4057802                    /usr/local/jdk1.7.0_17/jre/lib/amd64/libzip.so
7ff5a206e000-7ff5a226e000 ---p 0001a000 fd:01 4057802                    /usr/local/jdk1.7.0_17/jre/lib/amd64/libzip.so
7ff5a226e000-7ff5a226f000 rw-p 0001a000 fd:01 4057802                    /usr/local/jdk1.7.0_17/jre/lib/amd64/libzip.so
7ff5a226f000-7ff5a227b000 r-xp 00000000 fd:01 399293                     /lib64/libnss_files-2.17.90.so
7ff5a227b000-7ff5a247a000 ---p 0000c000 fd:01 399293                     /lib64/libnss_files-2.17.90.so
7ff5a247a000-7ff5a247b000 r--p 0000b000 fd:01 399293                     /lib64/libnss_files-2.17.90.so
7ff5a247b000-7ff5a247c000 rw-p 0000c000 fd:01 399293                     /lib64/libnss_files-2.17.90.so
7ff5a247c000-7ff5a247f000 r--s 0000a000 fd:01 3404120                    /home/gabor/glassfish-4.0/glassfish/modules/javax.enterprise.deploy-api.jar
7ff5a247f000-7ff5a2481000 r--s 0000b000 fd:01 3404025                    /home/gabor/glassfish-4.0/glassfish/modules/javax.security.auth.message-api.jar
7ff5a2481000-7ff5a2484000 r--s 00018000 fd:01 3404754                    /home/gabor/glassfish-4.0/glassfish/modules/javax.ws.rs-api.jar
7ff5a2484000-7ff5a2489000 r--s 00032000 fd:01 3405566                    /home/gabor/glassfish-4.0/glassfish/modules/javax.el.jar
7ff5a2489000-7ff5a248d000 r--s 0000e000 fd:01 3405045                    /home/gabor/glassfish-4.0/glassfish/modules/javax.resource-api.jar
7ff5a248d000-7ff5a2490000 r--s 0000d000 fd:01 3405397                    /home/gabor/glassfish-4.0/glassfish/modules/javax.jms-api.jar
7ff5a2490000-7ff5a2493000 r--s 00010000 fd:01 3405043                    /home/gabor/glassfish-4.0/glassfish/modules/javax.json.jar
7ff5a2493000-7ff5a249b000 rw-s 00000000 fd:01 1443362                    /tmp/hsperfdata_gabor/6571
7ff5a249b000-7ff5a24c4000 r-xp 00000000 fd:01 4057735                    /usr/local/jdk1.7.0_17/jre/lib/amd64/libjava.so
7ff5a24c4000-7ff5a26c4000 ---p 00029000 fd:01 4057735                    /usr/local/jdk1.7.0_17/jre/lib/amd64/libjava.so
7ff5a26c4000-7ff5a26c6000 rw-p 00029000 fd:01 4057735                    /usr/local/jdk1.7.0_17/jre/lib/amd64/libjava.so
7ff5a26c6000-7ff5a26d3000 r-xp 00000000 fd:01 4057584                    /usr/local/jdk1.7.0_17/jre/lib/amd64/libverify.so
7ff5a26d3000-7ff5a28d2000 ---p 0000d000 fd:01 4057584                    /usr/local/jdk1.7.0_17/jre/lib/amd64/libverify.so
7ff5a28d2000-7ff5a28d4000 rw-p 0000c000 fd:01 4057584                    /usr/local/jdk1.7.0_17/jre/lib/amd64/libverify.so
7ff5a28d4000-7ff5a331b000 r-xp 00000000 fd:01 4057342                    /usr/local/jdk1.7.0_17/jre/lib/amd64/server/libjvm.so
7ff5a331b000-7ff5a351b000 ---p 00a47000 fd:01 4057342                    /usr/local/jdk1.7.0_17/jre/lib/amd64/server/libjvm.so
7ff5a351b000-7ff5a35be000 rw-p 00a47000 fd:01 4057342                    /usr/local/jdk1.7.0_17/jre/lib/amd64/server/libjvm.so
7ff5a35be000-7ff5a35fd000 rw-p 00000000 00:00 0 
7ff5a35fd000-7ff5a3613000 r-xp 00000000 fd:01 4057512                    /usr/local/jdk1.7.0_17/jre/lib/amd64/jli/libjli.so
7ff5a3613000-7ff5a3813000 ---p 00016000 fd:01 4057512                    /usr/local/jdk1.7.0_17/jre/lib/amd64/jli/libjli.so
7ff5a3813000-7ff5a3814000 rw-p 00016000 fd:01 4057512                    /usr/local/jdk1.7.0_17/jre/lib/amd64/jli/libjli.so
7ff5a3814000-7ff5a3815000 rw-p 00000000 00:00 0 
7ff5a3815000-7ff5a3817000 r--s 0000b000 fd:01 3404875                    /home/gabor/glassfish-4.0/glassfish/modules/javax.servlet.jsp-api.jar
7ff5a3817000-7ff5a3819000 r--s 00007000 fd:01 3404589                    /home/gabor/glassfish-4.0/glassfish/modules/javax.websocket-api.jar
7ff5a3819000-7ff5a381c000 r--s 00010000 fd:01 3404074                    /home/gabor/glassfish-4.0/glassfish/modules/endorsed/webservices-api-osgi.jar
7ff5a381c000-7ff5a381e000 r--s 00005000 fd:01 3404073                    /home/gabor/glassfish-4.0/glassfish/modules/endorsed/javax.annotation-api.jar
7ff5a381e000-7ff5a3821000 r--s 00018000 fd:01 3404490                    /home/gabor/glassfish-4.0/glassfish/modules/endorsed/jaxb-api-osgi.jar
7ff5a3821000-7ff5a3823000 r--s 00005000 fd:01 3405747                    /home/gabor/glassfish-4.0/mq/lib/jaxm-api.jar
7ff5a3823000-7ff5a382d000 r--s 00254000 fd:01 4057392                    /usr/local/jdk1.7.0_17/jre/lib/resources.jar
7ff5a382d000-7ff5a3832000 r--s 00309000 fd:01 44265                      /home/gabor/Downloads/sqlite-jdbc-3.7.2.jar
7ff5a3832000-7ff5a3833000 rw-p 00000000 00:00 0 
7ff5a3833000-7ff5a3834000 r--p 00000000 00:00 0 
7ff5a3834000-7ff5a3835000 rw-p 00000000 00:00 0 
7ff5a3835000-7ff5a3838000 ---p 00000000 00:00 0 
7ff5a3838000-7ff5a3936000 rw-p 00000000 00:00 0 
7fffe4369000-7fffe437f000 rw-p 00000000 00:00 0                          [stack]
7fffe43ff000-7fffe4400000 r-xp 00000000 00:00 0                          [vdso]
ffffffffff600000-ffffffffff601000 r-xp 00000000 00:00 0                  [vsyscall]

VM Arguments:
jvm_args: -Dfile.encoding=UTF-8 -Xbootclasspath/p:/home/gabor/netbeans-7.3.1/enterprise/modules/ext/javaee6-endorsed/javax.annotation.jar:/home/gabor/netbeans-7.3.1/enterprise/modules/ext/javaee6-endorsed/jaxb-api-osgi.jar:/home/gabor/netbeans-7.3.1/enterprise/modules/ext/javaee6-endorsed/webservices-api-osgi.jar 
java_command: packages.Lekerdez1
Launcher Type: SUN_STANDARD

Environment Variables:
PATH=/usr/lib64/qt-3.3/bin:/usr/local/bin:/usr/bin:/bin:/usr/local/sbin:/usr/sbin:/sbin:/opt/ibm/c4eb/bin:/usr/kerberos/bin:/home/gabor/bin
USERNAME=gabor
LD_LIBRARY_PATH=/usr/local/jdk1.7.0_17/jre/lib/amd64:/usr/local/jdk1.7.0_17/jre/lib/i386:
SHELL=/bin/bash
DISPLAY=:0.0

Signal Handlers:
SIGSEGV: [libjvm.so+0x8a5d70], sa_mask[0]=0x7ffbfeff, sa_flags=0x10000004
SIGBUS: [libjvm.so+0x8a5d70], sa_mask[0]=0x7ffbfeff, sa_flags=0x10000004
SIGFPE: [libjvm.so+0x741e50], sa_mask[0]=0x7ffbfeff, sa_flags=0x10000004
SIGPIPE: [libjvm.so+0x741e50], sa_mask[0]=0x7ffbfeff, sa_flags=0x10000004
SIGXFSZ: [libjvm.so+0x741e50], sa_mask[0]=0x7ffbfeff, sa_flags=0x10000004
SIGILL: [libjvm.so+0x741e50], sa_mask[0]=0x7ffbfeff, sa_flags=0x10000004
SIGUSR1: SIG_DFL, sa_mask[0]=0x00000000, sa_flags=0x00000000
SIGUSR2: [libjvm.so+0x7417a0], sa_mask[0]=0x00000004, sa_flags=0x10000004
SIGHUP: [libjvm.so+0x743b30], sa_mask[0]=0x7ffbfeff, sa_flags=0x10000004
SIGINT: SIG_IGN, sa_mask[0]=0x00000000, sa_flags=0x00000000
SIGTERM: [libjvm.so+0x743b30], sa_mask[0]=0x7ffbfeff, sa_flags=0x10000004
SIGQUIT: [libjvm.so+0x743b30], sa_mask[0]=0x7ffbfeff, sa_flags=0x10000004


---------------  S Y S T E M  ---------------

OS:Red Hat Enterprise Linux Workstation release 6.4 (Santiago)

uname:Linux 2.6.32-358.11.1.el6.x86_64 #1 SMP Wed May 15 10:48:38 EDT 2013 x86_64
libc:glibc 2.17.90 NPTL 2.17.90 
rlimit: STACK 10240k, CORE 0k, NPROC 1024, NOFILE 4096, AS infinity
load average:0.24 0.14 0.18

/proc/meminfo:
MemTotal:        7942032 kB
MemFree:          354208 kB
Buffers:          140292 kB
Cached:          1881492 kB
SwapCached:        85292 kB
Active:          4213388 kB
Inactive:        1880260 kB
Active(anon):    3198940 kB
Inactive(anon):  1029940 kB
Active(file):    1014448 kB
Inactive(file):   850320 kB
Unevictable:           0 kB
Mlocked:               0 kB
SwapTotal:       8388600 kB
SwapFree:        7734688 kB
Dirty:              4428 kB
Writeback:             0 kB
AnonPages:       3994472 kB
Mapped:          1328568 kB
Shmem:            157084 kB
Slab:             172796 kB
SReclaimable:      76312 kB
SUnreclaim:        96484 kB
KernelStack:        6336 kB
PageTables:        57904 kB
NFS_Unstable:          0 kB
Bounce:                0 kB
WritebackTmp:          0 kB
CommitLimit:    12359616 kB
Committed_AS:    8280016 kB
VmallocTotal:   34359738367 kB
VmallocUsed:      375904 kB
VmallocChunk:   34359348444 kB
HardwareCorrupted:     0 kB
AnonHugePages:   1830912 kB
HugePages_Total:       0
HugePages_Free:        0
HugePages_Rsvd:        0
HugePages_Surp:        0
Hugepagesize:       2048 kB
DirectMap4k:        8192 kB
DirectMap2M:     8271872 kB


CPU:total 4 (2 cores per cpu, 2 threads per core) family 6 model 42 stepping 7, cmov, cx8, fxsr, mmx, sse, sse2, sse3, ssse3, sse4.1, sse4.2, popcnt, avx, ht, tsc, tscinvbit

/proc/cpuinfo:
processor	: 0
vendor_id	: GenuineIntel
cpu family	: 6
model		: 42
model name	: Intel(R) Core(TM) i5-2540M CPU @ 2.60GHz
stepping	: 7
cpu MHz		: 2601.000
cache size	: 3072 KB
physical id	: 0
siblings	: 4
core id		: 0
cpu cores	: 2
apicid		: 0
initial apicid	: 0
fpu		: yes
fpu_exception	: yes
cpuid level	: 13
wp		: yes
flags		: fpu vme de pse tsc msr pae mce cx8 apic sep mtrr pge mca cmov pat pse36 clflush dts acpi mmx fxsr sse sse2 ss ht tm pbe syscall nx rdtscp lm constant_tsc arch_perfmon pebs bts xtopology nonstop_tsc aperfmperf pni pclmulqdq dtes64 monitor ds_cpl vmx smx est tm2 ssse3 cx16 xtpr pdcm pcid sse4_1 sse4_2 x2apic popcnt tsc_deadline_timer aes xsave avx lahf_lm ida arat epb xsaveopt pln pts dts tpr_shadow vnmi flexpriority ept vpid
bogomips	: 5183.37
clflush size	: 64
cache_alignment	: 64
address sizes	: 36 bits physical, 48 bits virtual
power management:

processor	: 1
vendor_id	: GenuineIntel
cpu family	: 6
model		: 42
model name	: Intel(R) Core(TM) i5-2540M CPU @ 2.60GHz
stepping	: 7
cpu MHz		: 2601.000
cache size	: 3072 KB
physical id	: 0
siblings	: 4
core id		: 0
cpu cores	: 2
apicid		: 1
initial apicid	: 1
fpu		: yes
fpu_exception	: yes
cpuid level	: 13
wp		: yes
flags		: fpu vme de pse tsc msr pae mce cx8 apic sep mtrr pge mca cmov pat pse36 clflush dts acpi mmx fxsr sse sse2 ss ht tm pbe syscall nx rdtscp lm constant_tsc arch_perfmon pebs bts xtopology nonstop_tsc aperfmperf pni pclmulqdq dtes64 monitor ds_cpl vmx smx est tm2 ssse3 cx16 xtpr pdcm pcid sse4_1 sse4_2 x2apic popcnt tsc_deadline_timer aes xsave avx lahf_lm ida arat epb xsaveopt pln pts dts tpr_shadow vnmi flexpriority ept vpid
bogomips	: 5183.37
clflush size	: 64
cache_alignment	: 64
address sizes	: 36 bits physical, 48 bits virtual
power management:

processor	: 2
vendor_id	: GenuineIntel
cpu family	: 6
model		: 42
model name	: Intel(R) Core(TM) i5-2540M CPU @ 2.60GHz
stepping	: 7
cpu MHz		: 2601.000
cache size	: 3072 KB
physical id	: 0
siblings	: 4
core id		: 1
cpu cores	: 2
apicid		: 2
initial apicid	: 2
fpu		: yes
fpu_exception	: yes
cpuid level	: 13
wp		: yes
flags		: fpu vme de pse tsc msr pae mce cx8 apic sep mtrr pge mca cmov pat pse36 clflush dts acpi mmx fxsr sse sse2 ss ht tm pbe syscall nx rdtscp lm constant_tsc arch_perfmon pebs bts xtopology nonstop_tsc aperfmperf pni pclmulqdq dtes64 monitor ds_cpl vmx smx est tm2 ssse3 cx16 xtpr pdcm pcid sse4_1 sse4_2 x2apic popcnt tsc_deadline_timer aes xsave avx lahf_lm ida arat epb xsaveopt pln pts dts tpr_shadow vnmi flexpriority ept vpid
bogomips	: 5183.37
clflush size	: 64
cache_alignment	: 64
address sizes	: 36 bits physical, 48 bits virtual
power management:

processor	: 3
vendor_id	: GenuineIntel
cpu family	: 6
model		: 42
model name	: Intel(R) Core(TM) i5-2540M CPU @ 2.60GHz
stepping	: 7
cpu MHz		: 800.000
cache size	: 3072 KB
physical id	: 0
siblings	: 4
core id		: 1
cpu cores	: 2
apicid		: 3
initial apicid	: 3
fpu		: yes
fpu_exception	: yes
cpuid level	: 13
wp		: yes
flags		: fpu vme de pse tsc msr pae mce cx8 apic sep mtrr pge mca cmov pat pse36 clflush dts acpi mmx fxsr sse sse2 ss ht tm pbe syscall nx rdtscp lm constant_tsc arch_perfmon pebs bts xtopology nonstop_tsc aperfmperf pni pclmulqdq dtes64 monitor ds_cpl vmx smx est tm2 ssse3 cx16 xtpr pdcm pcid sse4_1 sse4_2 x2apic popcnt tsc_deadline_timer aes xsave avx lahf_lm ida arat epb xsaveopt pln pts dts tpr_shadow vnmi flexpriority ept vpid
bogomips	: 5183.37
clflush size	: 64
cache_alignment	: 64
address sizes	: 36 bits physical, 48 bits virtual
power management:



Memory: 4k page, physical 7942032k(354208k free), swap 8388600k(7734688k free)

vm_info: Java HotSpot(TM) 64-Bit Server VM (23.7-b01) for linux-amd64 JRE (1.7.0_17-b02), built on Mar  1 2013 02:59:06 by "java_re" with gcc 4.3.0 20080428 (Red Hat 4.3.0-8)

time: Sun Sep 29 21:16:09 2013
elapsed time: 1 seconds

